Circuit: * C:\users\jwl\My Documents\Projects\Clock\Power\LT8304_200Vout.asc

WARNING: Node OUT is floating.

WARNING: Less than two connections to node NC_01.  This node is used by D3.
Direct Newton iteration failed to find .op point.  (Use ".option noopiter" to skip.)
Starting Gmin stepping
Gmin = 10
Gmin = 1.07374
Gmin = 0.115292
Gmin = 0.0123794
Gmin = 0.00132923
Gmin = 0.000142725
Gmin = 1.5325e-005
Gmin = 1.6455e-006
Gmin = 1.76685e-007
Gmin = 1.89714e-008
Gmin = 2.03704e-009
Gmin = 2.18725e-010
Gmin = 2.34854e-011
Gmin = 2.52173e-012
Gmin = 2.70769e-013
Gmin = 0
Gmin stepping succeeded in finding the operating point.


Date: Thu Nov 28 14:07:43 2019
Total elapsed time: 28.772 seconds.

tnom = 27
temp = 27
method = modified trap
totiter = 2151486
traniter = 2151131
tranpoints = 560775
accept = 414392
rejected = 146383
matrix size = 77
fillins = 18
solver = Normal
Thread vector: 15.8/11.4[3] 4.8/4.8[1] 1.7/2.7[1] 1.0/2.1[1]  2592/500
Matrix Compiler1: 4.13 KB object code size  1.6/1.3/[1.0]
Matrix Compiler2: 5.30 KB object code size  1.3/2.5/[1.2]

