Circuit: * C:\users\jwl\My Documents\Projects\Clock\Power\LT8304_DC2393A.asc

Direct Newton iteration failed to find .op point.  (Use ".option noopiter" to skip.)
Starting Gmin stepping
Gmin = 10
Gmin = 1.07374
Gmin = 0.115292
Gmin = 0.0123794
Gmin = 0.00132923
Gmin = 0.000142725
Gmin = 1.5325e-005
Gmin = 1.6455e-006
Gmin = 1.76685e-007
Gmin = 1.89714e-008
Gmin = 2.03704e-009
Gmin = 2.18725e-010
Gmin = 2.34854e-011
Gmin = 2.52173e-012
Gmin = 2.70769e-013
Gmin = 0
Gmin stepping succeeded in finding the operating point.


Date: Sat Nov 23 18:13:13 2019
Total elapsed time: 28.687 seconds.

tnom = 27
temp = 27
method = modified trap
totiter = 2680496
traniter = 2680142
tranpoints = 714063
accept = 526188
rejected = 187875
matrix size = 68
fillins = 8
solver = Normal
Thread vector: 15.8/10.5[3] 11.4/6.4[3] 3.1/3.7[1] 1.2/2.9[1]  2592/500
Matrix Compiler1: 2.68 KB object code size  2.7/2.1/[1.5]
Matrix Compiler2: 4.33 KB object code size  2.5/3.3/[1.2]

